<?xml version="1.0" encoding="UTF-8"?>
<testsuite xmlns:xsi="http://www.w3.org/2001/XMLSchema-instance" xsi:noNamespaceSchemaLocation="https://maven.apache.org/surefire/maven-surefire-plugin/xsd/surefire-test-report-3.0.xsd" version="3.0" name="domain.obj.SongListTest" time="0.097" tests="10" errors="0" skipped="0" failures="0">
  <properties>
    <property name="java.specification.version" value="15"/>
    <property name="sun.cpu.isalist" value="amd64"/>
    <property name="sun.jnu.encoding" value="MS932"/>
    <property name="java.class.path" value="C:\apache-maven-3.8.1\repository\org\apache\maven\surefire\surefire-booter\3.0.0-M5\surefire-booter-3.0.0-M5.jar;C:\apache-maven-3.8.1\repository\org\apache\maven\surefire\surefire-api\3.0.0-M5\surefire-api-3.0.0-M5.jar;C:\apache-maven-3.8.1\repository\org\apache\maven\surefire\surefire-logger-api\3.0.0-M5\surefire-logger-api-3.0.0-M5.jar;C:\apache-maven-3.8.1\repository\org\apache\maven\surefire\surefire-shared-utils\3.0.0-M4\surefire-shared-utils-3.0.0-M4.jar;C:\apache-maven-3.8.1\repository\org\apache\maven\surefire\surefire-extensions-spi\3.0.0-M5\surefire-extensions-spi-3.0.0-M5.jar;C:\temp\workspace\workspace\yuppy-1.5.1\target\test-classes;C:\apache-maven-3.8.1\repository\org\mockito\mockito-core\3.11.0\mockito-core-3.11.0.jar;C:\apache-maven-3.8.1\repository\net\bytebuddy\byte-buddy\1.11.1\byte-buddy-1.11.1.jar;C:\apache-maven-3.8.1\repository\net\bytebuddy\byte-buddy-agent\1.11.1\byte-buddy-agent-1.11.1.jar;C:\apache-maven-3.8.1\repository\org\objenesis\objenesis\3.2\objenesis-3.2.jar;C:\apache-maven-3.8.1\repository\org\junit\jupiter\junit-jupiter-api\5.8.0-M1\junit-jupiter-api-5.8.0-M1.jar;C:\apache-maven-3.8.1\repository\org\apiguardian\apiguardian-api\1.1.1\apiguardian-api-1.1.1.jar;C:\apache-maven-3.8.1\repository\org\opentest4j\opentest4j\1.2.0\opentest4j-1.2.0.jar;C:\apache-maven-3.8.1\repository\org\junit\platform\junit-platform-commons\1.8.0-M1\junit-platform-commons-1.8.0-M1.jar;C:\apache-maven-3.8.1\repository\org\hamcrest\hamcrest-core\2.2\hamcrest-core-2.2.jar;C:\apache-maven-3.8.1\repository\org\hamcrest\hamcrest\2.2\hamcrest-2.2.jar;C:\apache-maven-3.8.1\repository\ch\qos\logback\logback-core\1.2.3\logback-core-1.2.3.jar;C:\apache-maven-3.8.1\repository\ch\qos\logback\logback-classic\1.2.3\logback-classic-1.2.3.jar;C:\apache-maven-3.8.1\repository\org\openjfx\javafx-controls\15\javafx-controls-15.jar;C:\apache-maven-3.8.1\repository\org\openjfx\javafx-graphics\15\javafx-graphics-15.jar;C:\apache-maven-3.8.1\repository\org\openjfx\javafx-base\15\javafx-base-15.jar;C:\apache-maven-3.8.1\repository\org\openjfx\javafx-fxml\15\javafx-fxml-15.jar;C:\apache-maven-3.8.1\repository\org\apache\maven\surefire\surefire-junit-platform\3.0.0-M5\surefire-junit-platform-3.0.0-M5.jar;C:\apache-maven-3.8.1\repository\org\apache\maven\surefire\common-java5\3.0.0-M5\common-java5-3.0.0-M5.jar;C:\apache-maven-3.8.1\repository\org\junit\platform\junit-platform-launcher\1.8.0-M1\junit-platform-launcher-1.8.0-M1.jar;C:\apache-maven-3.8.1\repository\org\junit\platform\junit-platform-engine\1.8.0-M1\junit-platform-engine-1.8.0-M1.jar;C:\apache-maven-3.8.1\repository\org\junit\jupiter\junit-jupiter-engine\5.8.0-M1\junit-jupiter-engine-5.8.0-M1.jar;C:\apache-maven-3.8.1\repository\org\jetbrains\kotlin\kotlin-stdlib-jdk8\1.4.20\kotlin-stdlib-jdk8-1.4.20.jar;C:\apache-maven-3.8.1\repository\org\jetbrains\kotlin\kotlin-stdlib\1.4.20\kotlin-stdlib-1.4.20.jar;C:\apache-maven-3.8.1\repository\org\jetbrains\kotlin\kotlin-stdlib-common\1.4.20\kotlin-stdlib-common-1.4.20.jar;C:\apache-maven-3.8.1\repository\org\jetbrains\annotations\13.0\annotations-13.0.jar;C:\apache-maven-3.8.1\repository\org\jetbrains\kotlin\kotlin-stdlib-jdk7\1.4.20\kotlin-stdlib-jdk7-1.4.20.jar"/>
    <property name="java.vm.vendor" value="Oracle Corporation"/>
    <property name="sun.arch.data.model" value="64"/>
    <property name="user.variant" value=""/>
    <property name="java.vendor.url" value="https://java.oracle.com/"/>
    <property name="user.timezone" value="Asia/Tokyo"/>
    <property name="os.name" value="Windows 10"/>
    <property name="java.vm.specification.version" value="15"/>
    <property name="sun.java.launcher" value="SUN_STANDARD"/>
    <property name="user.country" value="JP"/>
    <property name="sun.boot.library.path" value="C:\Program Files\Java\jdk-15.0.2\bin"/>
    <property name="sun.java.command" value="org.apache.maven.surefire.booter.ForkedBooter C:\Users\udoni\AppData\Local\Temp\surefire16588595579164320063 2021-06-26T16-56-50_723-jvmRun1 surefire2998464188734807930tmp surefire_014952993850618489253tmp"/>
    <property name="jdk.debug" value="release"/>
    <property name="surefire.test.class.path" value="C:\temp\workspace\workspace\yuppy-1.5.1\target\test-classes;C:\apache-maven-3.8.1\repository\org\mockito\mockito-core\3.11.0\mockito-core-3.11.0.jar;C:\apache-maven-3.8.1\repository\net\bytebuddy\byte-buddy\1.11.1\byte-buddy-1.11.1.jar;C:\apache-maven-3.8.1\repository\net\bytebuddy\byte-buddy-agent\1.11.1\byte-buddy-agent-1.11.1.jar;C:\apache-maven-3.8.1\repository\org\objenesis\objenesis\3.2\objenesis-3.2.jar;C:\apache-maven-3.8.1\repository\org\junit\jupiter\junit-jupiter-api\5.8.0-M1\junit-jupiter-api-5.8.0-M1.jar;C:\apache-maven-3.8.1\repository\org\apiguardian\apiguardian-api\1.1.1\apiguardian-api-1.1.1.jar;C:\apache-maven-3.8.1\repository\org\opentest4j\opentest4j\1.2.0\opentest4j-1.2.0.jar;C:\apache-maven-3.8.1\repository\org\junit\platform\junit-platform-commons\1.8.0-M1\junit-platform-commons-1.8.0-M1.jar;C:\apache-maven-3.8.1\repository\org\hamcrest\hamcrest-core\2.2\hamcrest-core-2.2.jar;C:\apache-maven-3.8.1\repository\org\hamcrest\hamcrest\2.2\hamcrest-2.2.jar;C:\apache-maven-3.8.1\repository\ch\qos\logback\logback-core\1.2.3\logback-core-1.2.3.jar;C:\apache-maven-3.8.1\repository\ch\qos\logback\logback-classic\1.2.3\logback-classic-1.2.3.jar;C:\apache-maven-3.8.1\repository\org\openjfx\javafx-controls\15\javafx-controls-15.jar;C:\apache-maven-3.8.1\repository\org\openjfx\javafx-graphics\15\javafx-graphics-15.jar;C:\apache-maven-3.8.1\repository\org\openjfx\javafx-base\15\javafx-base-15.jar;C:\apache-maven-3.8.1\repository\org\openjfx\javafx-fxml\15\javafx-fxml-15.jar;"/>
    <property name="sun.cpu.endian" value="little"/>
    <property name="user.home" value="C:\Users\udoni"/>
    <property name="user.language" value="ja"/>
    <property name="java.specification.vendor" value="Oracle Corporation"/>
    <property name="jdk.module.path" value="C:\temp\workspace\workspace\yuppy-1.5.1\target\classes;C:\apache-maven-3.8.1\repository\org\jsoup\jsoup\1.13.1\jsoup-1.13.1.jar;C:\apache-maven-3.8.1\repository\com\fasterxml\jackson\core\jackson-core\2.12.3\jackson-core-2.12.3.jar;C:\apache-maven-3.8.1\repository\com\fasterxml\jackson\core\jackson-annotations\2.12.3\jackson-annotations-2.12.3.jar;C:\apache-maven-3.8.1\repository\com\fasterxml\jackson\core\jackson-databind\2.12.3\jackson-databind-2.12.3.jar;C:\apache-maven-3.8.1\repository\org\slf4j\slf4j-api\1.7.30\slf4j-api-1.7.30.jar;C:\apache-maven-3.8.1\repository\org\projectlombok\lombok\1.18.20\lombok-1.18.20.jar;C:\apache-maven-3.8.1\repository\org\openjfx\javafx-controls\15\javafx-controls-15-win.jar;C:\apache-maven-3.8.1\repository\org\openjfx\javafx-graphics\15\javafx-graphics-15-win.jar;C:\apache-maven-3.8.1\repository\org\openjfx\javafx-base\15\javafx-base-15-win.jar;C:\apache-maven-3.8.1\repository\org\openjfx\javafx-fxml\15\javafx-fxml-15-win.jar"/>
    <property name="java.version.date" value="2021-01-19"/>
    <property name="java.home" value="C:\Program Files\Java\jdk-15.0.2"/>
    <property name="file.separator" value="\"/>
    <property name="basedir" value="C:\temp\workspace\workspace\yuppy-1.5.1"/>
    <property name="java.vm.compressedOopsMode" value="32-bit"/>
    <property name="line.separator" value="&#10;"/>
    <property name="java.vm.specification.vendor" value="Oracle Corporation"/>
    <property name="java.specification.name" value="Java Platform API Specification"/>
    <property name="user.script" value=""/>
    <property name="sun.management.compiler" value="HotSpot 64-Bit Tiered Compilers"/>
    <property name="java.runtime.version" value="15.0.2+7-27"/>
    <property name="user.name" value="udoni"/>
    <property name="path.separator" value=";"/>
    <property name="os.version" value="10.0"/>
    <property name="java.runtime.name" value="Java(TM) SE Runtime Environment"/>
    <property name="file.encoding" value="MS932"/>
    <property name="java.vm.name" value="Java HotSpot(TM) 64-Bit Server VM"/>
    <property name="localRepository" value="C:\apache-maven-3.8.1\repository"/>
    <property name="java.vendor.url.bug" value="https://bugreport.java.com/bugreport/"/>
    <property name="java.io.tmpdir" value="C:\Users\udoni\AppData\Local\Temp\"/>
    <property name="java.version" value="15.0.2"/>
    <property name="user.dir" value="C:\temp\workspace\workspace\yuppy-1.5.1"/>
    <property name="os.arch" value="amd64"/>
    <property name="java.vm.specification.name" value="Java Virtual Machine Specification"/>
    <property name="sun.os.patch.level" value=""/>
    <property name="java.library.path" value="C:\Program Files\Java\jdk-15.0.2\bin;C:\WINDOWS\Sun\Java\bin;C:\WINDOWS\system32;C:\WINDOWS;C:/Program Files/Java/jdk-15.0.2/bin/server;C:/Program Files/Java/jdk-15.0.2/bin;C:\Program Files (x86)\Common Files\Apple\Apple Application Support;C:\Program Files (x86)\Intel\Intel(R) Management Engine Components\iCLS\;C:\Program Files\Intel\Intel(R) Management Engine Components\iCLS\;C:\WINDOWS\system32;C:\WINDOWS;C:\WINDOWS\System32\Wbem;C:\WINDOWS\System32\WindowsPowerShell\v1.0\;C:\WINDOWS\System32\OpenSSH\;C:\Program Files (x86)\Intel\Intel(R) Management Engine Components\DAL;C:\Program Files\Intel\Intel(R) Management Engine Components\DAL;C:\Program Files (x86)\Intel\Intel(R) Management Engine Components\IPT;C:\Program Files\Intel\Intel(R) Management Engine Components\IPT;C:\Program Files\dotnet\;C:\Program Files\Microsoft SQL Server\130\Tools\Binn\;C:\Program Files\Microsoft SQL Server\Client SDK\ODBC\170\Tools\Binn\;C:\Program Files\Java\jdk-15.0.2\bin;C:\Users\udoni\AppData\Local\Programs\Python\Python39\Scripts\;C:\Users\udoni\AppData\Local\Programs\Python\Python39\;C:\Users\udoni\AppData\Local\Microsoft\WindowsApps;C:\Users\udoni\AppData\Local\Programs\Microsoft VS Code\bin;C:\Program Files\JetBrains\PyCharm Community Edition 2021.1.1\bin;;C:\Maven\apache-maven-3.8.1\bin;C:\gradle-7.1\bin;C:\pleiades-2021-03-java-win-64bit-jre_20210328\pleiades\java\16\bin;;C:\pleiades-2021-03-java-win-64bit-jre_20210328\pleiades\eclipse;;."/>
    <property name="java.vm.info" value="mixed mode"/>
    <property name="java.vendor" value="Oracle Corporation"/>
    <property name="java.vm.version" value="15.0.2+7-27"/>
    <property name="sun.io.unicode.encoding" value="UnicodeLittle"/>
    <property name="java.class.version" value="59.0"/>
  </properties>
  <testcase name="filterStarでminのみマイナス1ならmaxフィルターが機能する" classname="domain.obj.SongListTest" time="0.012"/>
  <testcase name="addで追加したSongをremoveAllで空になる" classname="domain.obj.SongListTest" time="0.002"/>
  <testcase name="addAllで追加した内容とaddで追加した内容が等価" classname="domain.obj.SongListTest" time="0.004"/>
  <testcase name="filterPPでmaxのみマイナス1ならminフィルターが機能する" classname="domain.obj.SongListTest" time="0.002"/>
  <testcase name="追加したSongとゲッターから得たSongが等価" classname="domain.obj.SongListTest" time="0.006"/>
  <testcase name="filterStarでminとmaxがマイナス1ならフィルターしない" classname="domain.obj.SongListTest" time="0.001"/>
  <testcase name="filterStarでmaxのみマイナス1ならminフィルターが機能する" classname="domain.obj.SongListTest" time="0.001"/>
  <testcase name="filterPPでminとmaxの指定でフィルターできる" classname="domain.obj.SongListTest" time="0.001"/>
  <testcase name="filterPPでminとmaxがマイナス1ならフィルターしない" classname="domain.obj.SongListTest" time="0.001"/>
  <testcase name="filterPPでminのみマイナス1ならmaxフィルターが機能する" classname="domain.obj.SongListTest" time="0.001"/>
</testsuite>